<?xml version="1.0" encoding="UTF-8"?>
<testsuite xmlns:xsi="http://www.w3.org/2001/XMLSchema-instance" xsi:noNamespaceSchemaLocation="https://maven.apache.org/surefire/maven-surefire-plugin/xsd/surefire-test-report.xsd" name="com.miaoshaproject.AppTest" time="0.225" tests="1" errors="0" skipped="0" failures="0">
  <properties>
    <property name="sun.desktop" value="windows"/>
    <property name="awt.toolkit" value="sun.awt.windows.WToolkit"/>
    <property name="file.encoding.pkg" value="sun.io"/>
    <property name="java.specification.version" value="1.8"/>
    <property name="sun.cpu.isalist" value="amd64"/>
    <property name="sun.jnu.encoding" value="GBK"/>
    <property name="java.class.path" value="C:\Users\SunDongHai\Desktop\miaosha\target\test-classes;C:\Users\SunDongHai\Desktop\miaosha\target\classes;D:\maven\maven-repository\junit\junit\4.11\junit-4.11.jar;D:\maven\maven-repository\org\hamcrest\hamcrest-core\2.2\hamcrest-core-2.2.jar;D:\maven\maven-repository\org\hamcrest\hamcrest\2.2\hamcrest-2.2.jar;D:\maven\maven-repository\org\springframework\boot\spring-boot-starter-web\2.4.2\spring-boot-starter-web-2.4.2.jar;D:\maven\maven-repository\org\springframework\boot\spring-boot-starter\2.4.2\spring-boot-starter-2.4.2.jar;D:\maven\maven-repository\org\springframework\boot\spring-boot\2.4.2\spring-boot-2.4.2.jar;D:\maven\maven-repository\org\springframework\boot\spring-boot-autoconfigure\2.4.2\spring-boot-autoconfigure-2.4.2.jar;D:\maven\maven-repository\org\springframework\boot\spring-boot-starter-logging\2.4.2\spring-boot-starter-logging-2.4.2.jar;D:\maven\maven-repository\ch\qos\logback\logback-classic\1.2.3\logback-classic-1.2.3.jar;D:\maven\maven-repository\ch\qos\logback\logback-core\1.2.3\logback-core-1.2.3.jar;D:\maven\maven-repository\org\apache\logging\log4j\log4j-to-slf4j\2.13.3\log4j-to-slf4j-2.13.3.jar;D:\maven\maven-repository\org\apache\logging\log4j\log4j-api\2.13.3\log4j-api-2.13.3.jar;D:\maven\maven-repository\org\slf4j\jul-to-slf4j\1.7.30\jul-to-slf4j-1.7.30.jar;D:\maven\maven-repository\jakarta\annotation\jakarta.annotation-api\1.3.5\jakarta.annotation-api-1.3.5.jar;D:\maven\maven-repository\org\springframework\spring-core\5.3.3\spring-core-5.3.3.jar;D:\maven\maven-repository\org\yaml\snakeyaml\1.27\snakeyaml-1.27.jar;D:\maven\maven-repository\org\springframework\boot\spring-boot-starter-json\2.4.2\spring-boot-starter-json-2.4.2.jar;D:\maven\maven-repository\com\fasterxml\jackson\core\jackson-databind\2.11.4\jackson-databind-2.11.4.jar;D:\maven\maven-repository\com\fasterxml\jackson\core\jackson-annotations\2.11.4\jackson-annotations-2.11.4.jar;D:\maven\maven-repository\com\fasterxml\jackson\core\jackson-core\2.11.4\jackson-core-2.11.4.jar;D:\maven\maven-repository\com\fasterxml\jackson\datatype\jackson-datatype-jdk8\2.11.4\jackson-datatype-jdk8-2.11.4.jar;D:\maven\maven-repository\com\fasterxml\jackson\datatype\jackson-datatype-jsr310\2.11.4\jackson-datatype-jsr310-2.11.4.jar;D:\maven\maven-repository\com\fasterxml\jackson\module\jackson-module-parameter-names\2.11.4\jackson-module-parameter-names-2.11.4.jar;D:\maven\maven-repository\org\springframework\boot\spring-boot-starter-tomcat\2.4.2\spring-boot-starter-tomcat-2.4.2.jar;D:\maven\maven-repository\org\apache\tomcat\embed\tomcat-embed-core\9.0.41\tomcat-embed-core-9.0.41.jar;D:\maven\maven-repository\org\glassfish\jakarta.el\3.0.3\jakarta.el-3.0.3.jar;D:\maven\maven-repository\org\apache\tomcat\embed\tomcat-embed-websocket\9.0.41\tomcat-embed-websocket-9.0.41.jar;D:\maven\maven-repository\org\springframework\spring-web\5.3.3\spring-web-5.3.3.jar;D:\maven\maven-repository\org\springframework\spring-beans\5.3.3\spring-beans-5.3.3.jar;D:\maven\maven-repository\org\springframework\spring-webmvc\5.3.3\spring-webmvc-5.3.3.jar;D:\maven\maven-repository\org\springframework\spring-aop\5.3.3\spring-aop-5.3.3.jar;D:\maven\maven-repository\org\springframework\spring-context\5.3.3\spring-context-5.3.3.jar;D:\maven\maven-repository\org\springframework\spring-expression\5.3.3\spring-expression-5.3.3.jar;D:\maven\maven-repository\org\springframework\session\spring-session-data-redis\2.4.1\spring-session-data-redis-2.4.1.jar;D:\maven\maven-repository\org\springframework\data\spring-data-redis\2.4.3\spring-data-redis-2.4.3.jar;D:\maven\maven-repository\org\springframework\data\spring-data-keyvalue\2.4.3\spring-data-keyvalue-2.4.3.jar;D:\maven\maven-repository\org\springframework\data\spring-data-commons\2.4.3\spring-data-commons-2.4.3.jar;D:\maven\maven-repository\org\springframework\spring-tx\5.3.3\spring-tx-5.3.3.jar;D:\maven\maven-repository\org\springframework\spring-oxm\5.3.3\spring-oxm-5.3.3.jar;D:\maven\maven-repository\org\springframework\spring-context-support\5.3.3\spring-context-support-5.3.3.jar;D:\maven\maven-repository\org\slf4j\slf4j-api\1.7.30\slf4j-api-1.7.30.jar;D:\maven\maven-repository\org\springframework\session\spring-session-core\2.4.1\spring-session-core-2.4.1.jar;D:\maven\maven-repository\org\springframework\spring-jcl\5.3.3\spring-jcl-5.3.3.jar;D:\maven\maven-repository\org\springframework\boot\spring-boot-starter-data-redis\2.4.2\spring-boot-starter-data-redis-2.4.2.jar;D:\maven\maven-repository\io\lettuce\lettuce-core\6.0.2.RELEASE\lettuce-core-6.0.2.RELEASE.jar;D:\maven\maven-repository\io\netty\netty-common\4.1.58.Final\netty-common-4.1.58.Final.jar;D:\maven\maven-repository\io\netty\netty-handler\4.1.58.Final\netty-handler-4.1.58.Final.jar;D:\maven\maven-repository\io\netty\netty-resolver\4.1.58.Final\netty-resolver-4.1.58.Final.jar;D:\maven\maven-repository\io\netty\netty-buffer\4.1.58.Final\netty-buffer-4.1.58.Final.jar;D:\maven\maven-repository\io\netty\netty-codec\4.1.58.Final\netty-codec-4.1.58.Final.jar;D:\maven\maven-repository\io\netty\netty-transport\4.1.58.Final\netty-transport-4.1.58.Final.jar;D:\maven\maven-repository\io\projectreactor\reactor-core\3.4.2\reactor-core-3.4.2.jar;D:\maven\maven-repository\org\reactivestreams\reactive-streams\1.0.3\reactive-streams-1.0.3.jar;D:\maven\maven-repository\com\google\guava\guava\18.0\guava-18.0.jar;D:\maven\maven-repository\mysql\mysql-connector-java\5.1.41\mysql-connector-java-5.1.41.jar;D:\maven\maven-repository\com\alibaba\druid\1.1.3\druid-1.1.3.jar;C:\Program Files\Java\jdk1.8.0_231\jre\..\lib\jconsole.jar;C:\Program Files\Java\jdk1.8.0_231\jre\..\lib\tools.jar;D:\maven\maven-repository\org\mybatis\spring\boot\mybatis-spring-boot-starter\1.3.1\mybatis-spring-boot-starter-1.3.1.jar;D:\maven\maven-repository\org\springframework\boot\spring-boot-starter-jdbc\2.4.2\spring-boot-starter-jdbc-2.4.2.jar;D:\maven\maven-repository\com\zaxxer\HikariCP\3.4.5\HikariCP-3.4.5.jar;D:\maven\maven-repository\org\springframework\spring-jdbc\5.3.3\spring-jdbc-5.3.3.jar;D:\maven\maven-repository\org\mybatis\spring\boot\mybatis-spring-boot-autoconfigure\1.3.1\mybatis-spring-boot-autoconfigure-1.3.1.jar;D:\maven\maven-repository\org\mybatis\mybatis\3.4.5\mybatis-3.4.5.jar;D:\maven\maven-repository\org\mybatis\mybatis-spring\1.3.1\mybatis-spring-1.3.1.jar;D:\maven\maven-repository\org\apache\commons\commons-lang3\3.7\commons-lang3-3.7.jar;D:\maven\maven-repository\org\hibernate\hibernate-validator\5.2.4.Final\hibernate-validator-5.2.4.Final.jar;D:\maven\maven-repository\javax\validation\validation-api\2.0.1.Final\validation-api-2.0.1.Final.jar;D:\maven\maven-repository\org\jboss\logging\jboss-logging\3.4.1.Final\jboss-logging-3.4.1.Final.jar;D:\maven\maven-repository\com\fasterxml\classmate\1.5.1\classmate-1.5.1.jar;D:\maven\maven-repository\joda-time\joda-time\2.9.1\joda-time-2.9.1.jar;"/>
    <property name="java.vm.vendor" value="Oracle Corporation"/>
    <property name="sun.arch.data.model" value="64"/>
    <property name="user.variant" value=""/>
    <property name="java.vendor.url" value="http://java.oracle.com/"/>
    <property name="user.timezone" value="Asia/Shanghai"/>
    <property name="java.vm.specification.version" value="1.8"/>
    <property name="os.name" value="Windows 10"/>
    <property name="user.country" value="CN"/>
    <property name="sun.java.launcher" value="SUN_STANDARD"/>
    <property name="sun.boot.library.path" value="C:\Program Files\Java\jdk1.8.0_231\jre\bin"/>
    <property name="sun.java.command" value="C:\Users\SUNDON~1\AppData\Local\Temp\surefire448920971205457780\surefirebooter7775008005292440851.jar C:\Users\SunDongHai\AppData\Local\Temp\surefire448920971205457780 2021-03-17T10-32-36_144-jvmRun1 surefire2115785897552254717tmp surefire_02937406814682719633tmp"/>
    <property name="surefire.test.class.path" value="C:\Users\SunDongHai\Desktop\miaosha\target\test-classes;C:\Users\SunDongHai\Desktop\miaosha\target\classes;D:\maven\maven-repository\junit\junit\4.11\junit-4.11.jar;D:\maven\maven-repository\org\hamcrest\hamcrest-core\2.2\hamcrest-core-2.2.jar;D:\maven\maven-repository\org\hamcrest\hamcrest\2.2\hamcrest-2.2.jar;D:\maven\maven-repository\org\springframework\boot\spring-boot-starter-web\2.4.2\spring-boot-starter-web-2.4.2.jar;D:\maven\maven-repository\org\springframework\boot\spring-boot-starter\2.4.2\spring-boot-starter-2.4.2.jar;D:\maven\maven-repository\org\springframework\boot\spring-boot\2.4.2\spring-boot-2.4.2.jar;D:\maven\maven-repository\org\springframework\boot\spring-boot-autoconfigure\2.4.2\spring-boot-autoconfigure-2.4.2.jar;D:\maven\maven-repository\org\springframework\boot\spring-boot-starter-logging\2.4.2\spring-boot-starter-logging-2.4.2.jar;D:\maven\maven-repository\ch\qos\logback\logback-classic\1.2.3\logback-classic-1.2.3.jar;D:\maven\maven-repository\ch\qos\logback\logback-core\1.2.3\logback-core-1.2.3.jar;D:\maven\maven-repository\org\apache\logging\log4j\log4j-to-slf4j\2.13.3\log4j-to-slf4j-2.13.3.jar;D:\maven\maven-repository\org\apache\logging\log4j\log4j-api\2.13.3\log4j-api-2.13.3.jar;D:\maven\maven-repository\org\slf4j\jul-to-slf4j\1.7.30\jul-to-slf4j-1.7.30.jar;D:\maven\maven-repository\jakarta\annotation\jakarta.annotation-api\1.3.5\jakarta.annotation-api-1.3.5.jar;D:\maven\maven-repository\org\springframework\spring-core\5.3.3\spring-core-5.3.3.jar;D:\maven\maven-repository\org\yaml\snakeyaml\1.27\snakeyaml-1.27.jar;D:\maven\maven-repository\org\springframework\boot\spring-boot-starter-json\2.4.2\spring-boot-starter-json-2.4.2.jar;D:\maven\maven-repository\com\fasterxml\jackson\core\jackson-databind\2.11.4\jackson-databind-2.11.4.jar;D:\maven\maven-repository\com\fasterxml\jackson\core\jackson-annotations\2.11.4\jackson-annotations-2.11.4.jar;D:\maven\maven-repository\com\fasterxml\jackson\core\jackson-core\2.11.4\jackson-core-2.11.4.jar;D:\maven\maven-repository\com\fasterxml\jackson\datatype\jackson-datatype-jdk8\2.11.4\jackson-datatype-jdk8-2.11.4.jar;D:\maven\maven-repository\com\fasterxml\jackson\datatype\jackson-datatype-jsr310\2.11.4\jackson-datatype-jsr310-2.11.4.jar;D:\maven\maven-repository\com\fasterxml\jackson\module\jackson-module-parameter-names\2.11.4\jackson-module-parameter-names-2.11.4.jar;D:\maven\maven-repository\org\springframework\boot\spring-boot-starter-tomcat\2.4.2\spring-boot-starter-tomcat-2.4.2.jar;D:\maven\maven-repository\org\apache\tomcat\embed\tomcat-embed-core\9.0.41\tomcat-embed-core-9.0.41.jar;D:\maven\maven-repository\org\glassfish\jakarta.el\3.0.3\jakarta.el-3.0.3.jar;D:\maven\maven-repository\org\apache\tomcat\embed\tomcat-embed-websocket\9.0.41\tomcat-embed-websocket-9.0.41.jar;D:\maven\maven-repository\org\springframework\spring-web\5.3.3\spring-web-5.3.3.jar;D:\maven\maven-repository\org\springframework\spring-beans\5.3.3\spring-beans-5.3.3.jar;D:\maven\maven-repository\org\springframework\spring-webmvc\5.3.3\spring-webmvc-5.3.3.jar;D:\maven\maven-repository\org\springframework\spring-aop\5.3.3\spring-aop-5.3.3.jar;D:\maven\maven-repository\org\springframework\spring-context\5.3.3\spring-context-5.3.3.jar;D:\maven\maven-repository\org\springframework\spring-expression\5.3.3\spring-expression-5.3.3.jar;D:\maven\maven-repository\org\springframework\session\spring-session-data-redis\2.4.1\spring-session-data-redis-2.4.1.jar;D:\maven\maven-repository\org\springframework\data\spring-data-redis\2.4.3\spring-data-redis-2.4.3.jar;D:\maven\maven-repository\org\springframework\data\spring-data-keyvalue\2.4.3\spring-data-keyvalue-2.4.3.jar;D:\maven\maven-repository\org\springframework\data\spring-data-commons\2.4.3\spring-data-commons-2.4.3.jar;D:\maven\maven-repository\org\springframework\spring-tx\5.3.3\spring-tx-5.3.3.jar;D:\maven\maven-repository\org\springframework\spring-oxm\5.3.3\spring-oxm-5.3.3.jar;D:\maven\maven-repository\org\springframework\spring-context-support\5.3.3\spring-context-support-5.3.3.jar;D:\maven\maven-repository\org\slf4j\slf4j-api\1.7.30\slf4j-api-1.7.30.jar;D:\maven\maven-repository\org\springframework\session\spring-session-core\2.4.1\spring-session-core-2.4.1.jar;D:\maven\maven-repository\org\springframework\spring-jcl\5.3.3\spring-jcl-5.3.3.jar;D:\maven\maven-repository\org\springframework\boot\spring-boot-starter-data-redis\2.4.2\spring-boot-starter-data-redis-2.4.2.jar;D:\maven\maven-repository\io\lettuce\lettuce-core\6.0.2.RELEASE\lettuce-core-6.0.2.RELEASE.jar;D:\maven\maven-repository\io\netty\netty-common\4.1.58.Final\netty-common-4.1.58.Final.jar;D:\maven\maven-repository\io\netty\netty-handler\4.1.58.Final\netty-handler-4.1.58.Final.jar;D:\maven\maven-repository\io\netty\netty-resolver\4.1.58.Final\netty-resolver-4.1.58.Final.jar;D:\maven\maven-repository\io\netty\netty-buffer\4.1.58.Final\netty-buffer-4.1.58.Final.jar;D:\maven\maven-repository\io\netty\netty-codec\4.1.58.Final\netty-codec-4.1.58.Final.jar;D:\maven\maven-repository\io\netty\netty-transport\4.1.58.Final\netty-transport-4.1.58.Final.jar;D:\maven\maven-repository\io\projectreactor\reactor-core\3.4.2\reactor-core-3.4.2.jar;D:\maven\maven-repository\org\reactivestreams\reactive-streams\1.0.3\reactive-streams-1.0.3.jar;D:\maven\maven-repository\com\google\guava\guava\18.0\guava-18.0.jar;D:\maven\maven-repository\mysql\mysql-connector-java\5.1.41\mysql-connector-java-5.1.41.jar;D:\maven\maven-repository\com\alibaba\druid\1.1.3\druid-1.1.3.jar;C:\Program Files\Java\jdk1.8.0_231\jre\..\lib\jconsole.jar;C:\Program Files\Java\jdk1.8.0_231\jre\..\lib\tools.jar;D:\maven\maven-repository\org\mybatis\spring\boot\mybatis-spring-boot-starter\1.3.1\mybatis-spring-boot-starter-1.3.1.jar;D:\maven\maven-repository\org\springframework\boot\spring-boot-starter-jdbc\2.4.2\spring-boot-starter-jdbc-2.4.2.jar;D:\maven\maven-repository\com\zaxxer\HikariCP\3.4.5\HikariCP-3.4.5.jar;D:\maven\maven-repository\org\springframework\spring-jdbc\5.3.3\spring-jdbc-5.3.3.jar;D:\maven\maven-repository\org\mybatis\spring\boot\mybatis-spring-boot-autoconfigure\1.3.1\mybatis-spring-boot-autoconfigure-1.3.1.jar;D:\maven\maven-repository\org\mybatis\mybatis\3.4.5\mybatis-3.4.5.jar;D:\maven\maven-repository\org\mybatis\mybatis-spring\1.3.1\mybatis-spring-1.3.1.jar;D:\maven\maven-repository\org\apache\commons\commons-lang3\3.7\commons-lang3-3.7.jar;D:\maven\maven-repository\org\hibernate\hibernate-validator\5.2.4.Final\hibernate-validator-5.2.4.Final.jar;D:\maven\maven-repository\javax\validation\validation-api\2.0.1.Final\validation-api-2.0.1.Final.jar;D:\maven\maven-repository\org\jboss\logging\jboss-logging\3.4.1.Final\jboss-logging-3.4.1.Final.jar;D:\maven\maven-repository\com\fasterxml\classmate\1.5.1\classmate-1.5.1.jar;D:\maven\maven-repository\joda-time\joda-time\2.9.1\joda-time-2.9.1.jar;"/>
    <property name="sun.cpu.endian" value="little"/>
    <property name="user.home" value="C:\Users\SunDongHai"/>
    <property name="user.language" value="zh"/>
    <property name="java.specification.vendor" value="Oracle Corporation"/>
    <property name="java.home" value="C:\Program Files\Java\jdk1.8.0_231\jre"/>
    <property name="basedir" value="C:\Users\SunDongHai\Desktop\miaosha"/>
    <property name="file.separator" value="\"/>
    <property name="line.separator" value="&#10;"/>
    <property name="idea.version2019.2.3" value="true"/>
    <property name="java.vm.specification.vendor" value="Oracle Corporation"/>
    <property name="java.specification.name" value="Java Platform API Specification"/>
    <property name="java.awt.graphicsenv" value="sun.awt.Win32GraphicsEnvironment"/>
    <property name="surefire.real.class.path" value="C:\Users\SUNDON~1\AppData\Local\Temp\surefire448920971205457780\surefirebooter7775008005292440851.jar"/>
    <property name="sun.boot.class.path" value="C:\Program Files\Java\jdk1.8.0_231\jre\lib\resources.jar;C:\Program Files\Java\jdk1.8.0_231\jre\lib\rt.jar;C:\Program Files\Java\jdk1.8.0_231\jre\lib\sunrsasign.jar;C:\Program Files\Java\jdk1.8.0_231\jre\lib\jsse.jar;C:\Program Files\Java\jdk1.8.0_231\jre\lib\jce.jar;C:\Program Files\Java\jdk1.8.0_231\jre\lib\charsets.jar;C:\Program Files\Java\jdk1.8.0_231\jre\lib\jfr.jar;C:\Program Files\Java\jdk1.8.0_231\jre\classes"/>
    <property name="user.script" value=""/>
    <property name="sun.management.compiler" value="HotSpot 64-Bit Tiered Compilers"/>
    <property name="java.runtime.version" value="1.8.0_231-b11"/>
    <property name="user.name" value="SunDongHai"/>
    <property name="path.separator" value=";"/>
    <property name="os.version" value="10.0"/>
    <property name="java.endorsed.dirs" value="C:\Program Files\Java\jdk1.8.0_231\jre\lib\endorsed"/>
    <property name="java.runtime.name" value="Java(TM) SE Runtime Environment"/>
    <property name="file.encoding" value="GBK"/>
    <property name="java.vm.name" value="Java HotSpot(TM) 64-Bit Server VM"/>
    <property name="localRepository" value="D:\maven\maven-repository"/>
    <property name="java.vendor.url.bug" value="http://bugreport.sun.com/bugreport/"/>
    <property name="java.io.tmpdir" value="C:\Users\SUNDON~1\AppData\Local\Temp\"/>
    <property name="java.version" value="1.8.0_231"/>
    <property name="user.dir" value="C:\Users\SunDongHai\Desktop\miaosha"/>
    <property name="os.arch" value="amd64"/>
    <property name="java.vm.specification.name" value="Java Virtual Machine Specification"/>
    <property name="java.awt.printerjob" value="sun.awt.windows.WPrinterJob"/>
    <property name="sun.os.patch.level" value=""/>
    <property name="java.library.path" value="C:\Program Files\Java\jdk1.8.0_231\jre\bin;C:\WINDOWS\Sun\Java\bin;C:\WINDOWS\system32;C:\WINDOWS;D:\CentOS\;C:\Program Files (x86)\Common Files\Oracle\Java\javapath;C:\WINDOWS\system32;C:\WINDOWS;C:\WINDOWS\System32\Wbem;C:\WINDOWS\System32\WindowsPowerShell\v1.0\;C:\WINDOWS\System32\OpenSSH\;C:\LLVM\bin;C:\Program Files (x86)\Windows Kits\8.1\Windows Performance Toolkit\;C:\Program Files\Microsoft SQL Server\110\Tools\Binn\;C:\CTEX\UserData\miktex\bin;C:\CTEX\MiKTeX\miktex\bin;C:\CTEX\CTeX\ctex\bin;C:\CTEX\CTeX\cct\bin;C:\CTEX\CTeX\ty\bin;C:\CTEX\Ghostscript\gs9.05\bin;C:\CTEX\GSview\gsview;C:\CTEX\WinEdt;C:\Program Files\Java\jdk1.8.0_231\jre\bin;C:\Program Files\Java\jdk1.8.0_231\bin;C:\Program Files\Java\apache-maven-3.6.2\bin;D:\MySQL\mysql-8.0.15-winx64\bin;D:\MySQL\bin;C:\Program Files\nodejs\;C:\ProgramData\chocolatey\bin;D:\apache-tomcat-8.5.47\bin;C:\Program Files (x86)\GnuWin32\bin;C:\MinGW\bin;C:\GnuWin32\bin;C:\Users\SunDongHai\AppData\Local\Microsoft\WindowsApps;C:\LLVM\bin;C:\Program Files\JetBrains\IntelliJ IDEA 2019.2.3\bin;;C:\Coq\bin;C:\Users\SunDongHai\AppData\Roaming\npm;;."/>
    <property name="java.vm.info" value="mixed mode"/>
    <property name="java.vendor" value="Oracle Corporation"/>
    <property name="java.vm.version" value="25.231-b11"/>
    <property name="java.ext.dirs" value="C:\Program Files\Java\jdk1.8.0_231\jre\lib\ext;C:\WINDOWS\Sun\Java\lib\ext"/>
    <property name="sun.io.unicode.encoding" value="UnicodeLittle"/>
    <property name="maven.repo.local" value="D:\maven\maven-repository"/>
    <property name="java.class.version" value="52.0"/>
  </properties>
  <testcase name="shouldAnswerWithTrue" classname="com.miaoshaproject.AppTest" time="0.004"/>
</testsuite>